21:44:49: Creating resource group General
21:44:49: Creating resource group Internal
21:44:49: Creating resource group Autodetect
21:44:49: SceneManagerFactory for type 'DefaultSceneManager' registered.
21:44:49: Registering ResourceManager for type Material
21:44:49: Registering ResourceManager for type Mesh
21:44:49: Registering ResourceManager for type Skeleton
21:44:49: MovableObjectFactory for type 'ParticleSystem' registered.
21:44:49: OverlayElementFactory for type Panel registered.
21:44:49: OverlayElementFactory for type BorderPanel registered.
21:44:49: OverlayElementFactory for type TextArea registered.
21:44:49: Registering ResourceManager for type Font
21:44:49: ArchiveFactory for archive type FileSystem registered.
21:44:49: ArchiveFactory for archive type Zip registered.
21:44:49: ArchiveFactory for archive type EmbeddedZip registered.
21:44:49: DDS codec registering
21:44:49: FreeImage version: 3.10.0
21:44:49: This program uses FreeImage, a free, open source image library supporting all common bitmap formats. See http://freeimage.sourceforge.net for details
21:44:49: Supported formats: bmp,ico,jpg,jif,jpeg,jpe,jng,koa,iff,lbm,mng,pbm,pbm,pcd,pcx,pgm,pgm,png,ppm,ppm,ras,tga,targa,tif,tiff,wap,wbmp,wbm,psd,cut,xbm,xpm,gif,hdr,g3,sgi,exr,j2k,j2c,jp2
21:44:49: Registering ResourceManager for type HighLevelGpuProgram
21:44:49: Registering ResourceManager for type Compositor
21:44:49: MovableObjectFactory for type 'Entity' registered.
21:44:49: MovableObjectFactory for type 'Light' registered.
21:44:49: MovableObjectFactory for type 'BillboardSet' registered.
21:44:49: MovableObjectFactory for type 'ManualObject' registered.
21:44:49: MovableObjectFactory for type 'BillboardChain' registered.
21:44:49: MovableObjectFactory for type 'RibbonTrail' registered.
21:44:49: Loading library ./ogrelib/RenderSystem_GL
21:44:49: Installing plugin: GL RenderSystem
21:44:49: OpenGL Rendering Subsystem created.
21:44:49: Plugin successfully installed
21:44:49: *-*-* OGRE Initialising
21:44:49: *-*-* Version 1.8.0 (Byatis)
21:45:06: CPU Identifier & Features
21:45:06: -------------------------
21:45:06:  *   CPU ID: GenuineIntel: Intel(R) Core(TM)2 Duo CPU     T9300  @ 2.50GHz
21:45:06:  *      SSE: yes
21:45:06:  *     SSE2: yes
21:45:06:  *     SSE3: yes
21:45:06:  *      MMX: yes
21:45:06:  *   MMXEXT: yes
21:45:06:  *    3DNOW: no
21:45:06:  * 3DNOWEXT: no
21:45:06:  *     CMOV: yes
21:45:06:  *      TSC: yes
21:45:06:  *      FPU: yes
21:45:06:  *      PRO: yes
21:45:06:  *       HT: no
21:45:06: -------------------------
21:45:06: ******************************
*** Starting GLX Subsystem ***
******************************
21:45:06: Registering ResourceManager for type Texture
21:45:06: GLRenderSystem::_createRenderWindow "MyWindow", 640x480 windowed  miscParams: FSAA=0 displayFrequency=50 Hz gamma=No vsync=No 
21:45:06: OGRE EXCEPTION(6:FileNotFoundException): Cannot locate resource GLX_icon.png in resource group General or any other group. in ResourceGroupManager::openResource at /home/galaktor/downloads/ogre_src_v1-8-0/OgreMain/src/OgreResourceGroupManager.cpp (line 756)
21:45:06: GLXWindow::create used FBConfigID = 117
21:45:06: GL_VERSION = 3.3.0 NVIDIA 290.10
21:45:06: GL_VENDOR = NVIDIA Corporation
21:45:06: GL_RENDERER = GeForce 8600M GT/PCI/SSE2
21:45:06: GL_EXTENSIONS = GL_ARB_base_instance GL_ARB_blend_func_extended GL_ARB_color_buffer_float GL_ARB_compatibility GL_ARB_compressed_texture_pixel_storage GL_ARB_conservative_depth GL_ARB_copy_buffer GL_ARB_depth_buffer_float GL_ARB_depth_clamp GL_ARB_depth_texture GL_ARB_draw_buffers GL_ARB_draw_elements_base_vertex GL_ARB_draw_instanced GL_ARB_ES2_compatibility GL_ARB_explicit_attrib_location GL_ARB_fragment_coord_conventions GL_ARB_fragment_program GL_ARB_fragment_program_shadow GL_ARB_fragment_shader GL_ARB_framebuffer_object GL_ARB_framebuffer_sRGB GL_ARB_geometry_shader4 GL_ARB_get_program_binary GL_ARB_half_float_pixel GL_ARB_half_float_vertex GL_ARB_imaging GL_ARB_instanced_arrays GL_ARB_internalformat_query GL_ARB_map_buffer_alignment GL_ARB_map_buffer_range GL_ARB_multisample GL_ARB_multitexture GL_ARB_occlusion_query GL_ARB_occlusion_query2 GL_ARB_pixel_buffer_object GL_ARB_point_parameters GL_ARB_point_sprite GL_ARB_provoking_vertex GL_ARB_robustness GL_ARB_sampler_objects GL_ARB_seamless_cube_map GL_ARB_separate_shader_objects GL_ARB_shader_bit_encoding GL_ARB_shader_objects GL_ARB_shading_language_100 GL_ARB_shading_language_420pack GL_ARB_shading_language_include GL_ARB_shading_language_packing GL_ARB_shadow GL_ARB_sync GL_ARB_texture_border_clamp GL_ARB_texture_buffer_object GL_ARB_texture_compression GL_ARB_texture_compression_rgtc GL_ARB_texture_cube_map GL_ARB_texture_env_add GL_ARB_texture_env_combine GL_ARB_texture_env_crossbar GL_ARB_texture_env_dot3 GL_ARB_texture_float GL_ARB_texture_mirrored_repeat GL_ARB_texture_multisample GL_ARB_texture_non_power_of_two GL_ARB_texture_rectangle GL_ARB_texture_rg GL_ARB_texture_rgb10_a2ui GL_ARB_texture_storage GL_ARB_texture_swizzle GL_ARB_timer_query GL_ARB_transpose_matrix GL_ARB_uniform_buffer_object GL_ARB_vertex_array_bgra GL_ARB_vertex_array_object GL_ARB_vertex_buffer_object GL_ARB_vertex_program GL_ARB_vertex_shader GL_ARB_vertex_type_2_10_10_10_rev GL_ARB_viewport_array GL_ARB_window_pos GL_ATI_draw_buffers GL_ATI_texture_float GL_ATI_texture_mirror_once GL_S3_s3tc GL_EXT_texture_env_add GL_EXT_abgr GL_EXT_bgra GL_EXT_bindable_uniform GL_EXT_blend_color GL_EXT_blend_equation_separate GL_EXT_blend_func_separate GL_EXT_blend_minmax GL_EXT_blend_subtract GL_EXT_compiled_vertex_array GL_EXT_Cg_shader GL_EXT_depth_bounds_test GL_EXT_direct_state_access GL_EXT_draw_buffers2 GL_EXT_draw_instanced GL_EXT_draw_range_elements GL_EXT_fog_coord GL_EXT_framebuffer_blit GL_EXT_framebuffer_multisample GL_EXTX_framebuffer_mixed_formats GL_EXT_framebuffer_object GL_EXT_framebuffer_sRGB GL_EXT_geometry_shader4 GL_EXT_gpu_program_parameters GL_EXT_gpu_shader4 GL_EXT_multi_draw_arrays GL_EXT_packed_depth_stencil GL_EXT_packed_float GL_EXT_packed_pixels GL_EXT_pixel_buffer_object GL_EXT_point_parameters GL_EXT_provoking_vertex GL_EXT_rescale_normal GL_EXT_secondary_color GL_EXT_separate_shader_objects GL_EXT_separate_specular_color GL_EXT_shadow_funcs GL_EXT_stencil_two_side GL_EXT_stencil_wrap GL_EXT_texture3D GL_EXT_texture_array GL_EXT_texture_buffer_object GL_EXT_texture_compression_dxt1 GL_EXT_texture_compression_latc GL_EXT_texture_compression_rgtc GL_EXT_texture_compression_s3tc GL_EXT_texture_cube_map GL_EXT_texture_edge_clamp GL_EXT_texture_env_combine GL_EXT_texture_env_dot3 GL_EXT_texture_filter_anisotropic GL_EXT_texture_format_BGRA8888 GL_EXT_texture_integer GL_EXT_texture_lod GL_EXT_texture_lod_bias GL_EXT_texture_mirror_clamp GL_EXT_texture_object GL_EXT_texture_shared_exponent GL_EXT_texture_sRGB GL_EXT_texture_sRGB_decode GL_EXT_texture_storage GL_EXT_texture_swizzle GL_EXT_texture_type_2_10_10_10_REV GL_EXT_timer_query GL_EXT_vertex_array GL_EXT_vertex_array_bgra GL_EXT_x11_sync_object GL_EXT_import_sync_object GL_IBM_rasterpos_clip GL_IBM_texture_mirrored_repeat GL_KTX_buffer_region GL_NV_alpha_test GL_NV_blend_minmax GL_NV_blend_square GL_NV_complex_primitives GL_NV_conditional_render GL_NV_copy_depth_to_color GL_NV_copy_image GL_NV_depth_buffer_float GL_NV_depth_clamp GL_NV_explicit_multisample GL_NV_fbo_color_attachments GL_NV_fence GL_NV_float_buffer GL_NV_fog_distance GL_NV_fragdepth GL_NV_fragment_program GL_NV_fragment_program_option GL_NV_fragment_program2 GL_NV_framebuffer_multisample_coverage GL_NV_geometry_shader4 GL_NV_gpu_program4 GL_NV_half_float GL_NV_light_max_exponent GL_NV_multisample_coverage GL_NV_multisample_filter_hint GL_NV_occlusion_query GL_NV_packed_depth_stencil GL_NV_parameter_buffer_object GL_NV_parameter_buffer_object2 GL_NV_path_rendering GL_NV_pixel_data_range GL_NV_point_sprite GL_NV_primitive_restart GL_NV_register_combiners GL_NV_register_combiners2 GL_NV_shader_buffer_load GL_NV_texgen_reflection GL_NV_texture_barrier GL_NV_texture_compression_vtc GL_NV_texture_env_combine4 GL_NV_texture_expand_normal GL_NV_texture_lod_clamp GL_NV_texture_multisample GL_NV_texture_rectangle GL_NV_texture_shader GL_NV_texture_shader2 GL_NV_texture_shader3 GL_NV_transform_feedback GL_NV_vdpau_interop GL_NV_vertex_array_range GL_NV_vertex_array_range2 GL_NV_vertex_buffer_unified_memory GL_NV_vertex_program GL_NV_vertex_program1_1 GL_NV_vertex_program2 GL_NV_vertex_program2_option GL_NV_vertex_program3 GL_NVX_conditional_render GL_NVX_gpu_memory_info GL_OES_depth24 GL_OES_depth32 GL_OES_depth_texture GL_OES_element_index_uint GL_OES_fbo_render_mipmap GL_OES_get_program_binary GL_OES_mapbuffer GL_OES_packed_depth_stencil GL_OES_rgb8_rgba8 GL_OES_standard_derivatives GL_OES_texture_3D GL_OES_texture_float GL_OES_texture_float_linear GL_OES_texture_half_float GL_OES_texture_half_float_linear GL_OES_texture_npot GL_OES_vertex_array_object GL_OES_vertex_half_float GL_SGIS_generate_mipmap GL_SGIS_texture_lod GL_SGIX_depth_texture GL_SGIX_shadow GL_SUN_slice_accum 
21:45:06: Supported GLX extensions: GLX_EXT_visual_info GLX_EXT_visual_rating GLX_SGIX_fbconfig GLX_SGIX_pbuffer GLX_SGI_video_sync GLX_SGI_swap_control GLX_EXT_swap_control GLX_EXT_texture_from_pixmap GLX_ARB_create_context GLX_ARB_create_context_profile GLX_EXT_create_context_es2_profile GLX_ARB_create_context_robustness GLX_ARB_multisample GLX_NV_float_buffer GLX_ARB_fbconfig_float GLX_EXT_framebuffer_sRGB GLX_ARB_get_proc_address 
21:45:06: ***************************
21:45:06: *** GL Renderer Started ***
21:45:06: ***************************
21:45:06: Registering ResourceManager for type GpuProgram
21:45:06: GLSL support detected
21:45:06: GL: Using GL_EXT_framebuffer_object for rendering to textures (best)
21:45:06: FBO PF_UNKNOWN depth/stencil support: D16S0 D24S0 D32S0 Packed-D24S8 
21:45:06: FBO PF_L8 depth/stencil support: D0S0 D16S0 D24S0 D32S0 Packed-D24S8 
21:45:06: FBO PF_A8 depth/stencil support: D0S0 D16S0 D24S0 D32S0 Packed-D24S8 
21:45:06: FBO PF_A4L4 depth/stencil support: D0S0 D16S0 D24S0 D32S0 Packed-D24S8 
21:45:06: FBO PF_BYTE_LA depth/stencil support: D0S0 D16S0 D24S0 D32S0 Packed-D24S8 
21:45:06: FBO PF_R5G6B5 depth/stencil support: D0S0 D16S0 D24S0 D32S0 Packed-D24S8 
21:45:06: FBO PF_B5G6R5 depth/stencil support: D0S0 D16S0 D24S0 D32S0 Packed-D24S8 
21:45:06: FBO PF_A4R4G4B4 depth/stencil support: D0S0 D16S0 D24S0 D32S0 Packed-D24S8 
21:45:06: FBO PF_A1R5G5B5 depth/stencil support: D0S0 D16S0 D24S0 D32S0 Packed-D24S8 
21:45:06: FBO PF_R8G8B8 depth/stencil support: D0S0 D16S0 D24S0 D32S0 Packed-D24S8 
21:45:06: FBO PF_B8G8R8 depth/stencil support: D0S0 D16S0 D24S0 D32S0 Packed-D24S8 
21:45:06: FBO PF_A8R8G8B8 depth/stencil support: D0S0 D16S0 D24S0 D32S0 Packed-D24S8 
21:45:06: FBO PF_B8G8R8A8 depth/stencil support: D0S0 D16S0 D24S0 D32S0 Packed-D24S8 
21:45:06: FBO PF_A2R10G10B10 depth/stencil support: D0S0 D16S0 D24S0 D32S0 Packed-D24S8 
21:45:06: FBO PF_A2B10G10R10 depth/stencil support: D0S0 D16S0 D24S0 D32S0 Packed-D24S8 
21:45:06: FBO PF_FLOAT16_RGB depth/stencil support: D0S0 D16S0 D24S0 D32S0 Packed-D24S8 
21:45:06: FBO PF_FLOAT16_RGBA depth/stencil support: D0S0 D16S0 D24S0 D32S0 Packed-D24S8 
21:45:06: FBO PF_FLOAT32_RGB depth/stencil support: D0S0 D16S0 D24S0 D32S0 Packed-D24S8 
21:45:06: FBO PF_FLOAT32_RGBA depth/stencil support: D0S0 D16S0 D24S0 D32S0 Packed-D24S8 
21:45:06: FBO PF_X8R8G8B8 depth/stencil support: D0S0 D16S0 D24S0 D32S0 Packed-D24S8 
21:45:06: FBO PF_X8B8G8R8 depth/stencil support: D0S0 D16S0 D24S0 D32S0 Packed-D24S8 
21:45:06: FBO PF_SHORT_RGBA depth/stencil support: D0S0 D16S0 D24S0 D32S0 Packed-D24S8 
21:45:06: FBO PF_R3G3B2 depth/stencil support: D0S0 D16S0 D24S0 D32S0 Packed-D24S8 
21:45:06: FBO PF_FLOAT16_R depth/stencil support: D0S0 D16S0 D24S0 D32S0 Packed-D24S8 
21:45:06: FBO PF_FLOAT32_R depth/stencil support: D0S0 D16S0 D24S0 D32S0 Packed-D24S8 
21:45:07: FBO PF_FLOAT16_GR depth/stencil support: D0S0 D16S0 D24S0 D32S0 Packed-D24S8 
21:45:07: FBO PF_FLOAT32_GR depth/stencil support: D0S0 D16S0 D24S0 D32S0 Packed-D24S8 
21:45:07: FBO PF_SHORT_RGB depth/stencil support: D0S0 D16S0 D24S0 D32S0 Packed-D24S8 
21:45:07: [GL] : Valid FBO targets PF_UNKNOWN PF_L8 PF_A8 PF_A4L4 PF_BYTE_LA PF_R5G6B5 PF_B5G6R5 PF_A4R4G4B4 PF_A1R5G5B5 PF_R8G8B8 PF_B8G8R8 PF_A8R8G8B8 PF_B8G8R8A8 PF_A2R10G10B10 PF_A2B10G10R10 PF_FLOAT16_RGB PF_FLOAT16_RGBA PF_FLOAT32_RGB PF_FLOAT32_RGBA PF_X8R8G8B8 PF_X8B8G8R8 PF_SHORT_RGBA PF_R3G3B2 PF_FLOAT16_R PF_FLOAT32_R PF_FLOAT16_GR PF_FLOAT32_GR PF_SHORT_RGB 
21:45:07: RenderSystem capabilities
21:45:07: -------------------------
21:45:07: RenderSystem Name: OpenGL Rendering Subsystem
21:45:07: GPU Vendor: nvidia
21:45:07: Device Name: GeForce 8600M GT/PCI/SSE2
21:45:07: Driver Version: 3.3.0.0
21:45:07:  * Fixed function pipeline: yes
21:45:07:  * Hardware generation of mipmaps: yes
21:45:07:  * Texture blending: yes
21:45:07:  * Anisotropic texture filtering: yes
21:45:07:  * Dot product texture operation: yes
21:45:07:  * Cube mapping: yes
21:45:07:  * Hardware stencil buffer: yes
21:45:07:    - Stencil depth: 8
21:45:07:    - Two sided stencil support: yes
21:45:07:    - Wrap stencil values: yes
21:45:07:  * Hardware vertex / index buffers: yes
21:45:07:  * Vertex programs: yes
21:45:07:  * Number of floating-point constants for vertex programs: 1024
21:45:07:  * Number of integer constants for vertex programs: 0
21:45:07:  * Number of boolean constants for vertex programs: 0
21:45:07:  * Fragment programs: yes
21:45:07:  * Number of floating-point constants for fragment programs: 512
21:45:07:  * Number of integer constants for fragment programs: 0
21:45:07:  * Number of boolean constants for fragment programs: 0
21:45:07:  * Geometry programs: yes
21:45:07:  * Number of floating-point constants for geometry programs: 2048
21:45:07:  * Number of integer constants for geometry programs: 0
21:45:07:  * Number of boolean constants for geometry programs: 0
21:45:07:  * Supported Shader Profiles: arbfp1 arbvp1 fp20 fp30 fp40 glsl gp4fp gp4gp gp4vp gpu_fp gpu_gp gpu_vp nvgp4 vp30 vp40
21:45:07:  * Texture Compression: yes
21:45:07:    - DXT: yes
21:45:07:    - VTC: yes
21:45:07:    - PVRTC: no
21:45:07:  * Scissor Rectangle: yes
21:45:07:  * Hardware Occlusion Query: yes
21:45:07:  * User clip planes: yes
21:45:07:  * VET_UBYTE4 vertex element type: yes
21:45:07:  * Infinite far plane projection: yes
21:45:07:  * Hardware render-to-texture: yes
21:45:07:  * Floating point textures: yes
21:45:07:  * Non-power-of-two textures: yes
21:45:07:  * Volume textures: yes
21:45:07:  * Multiple Render Targets: 8
21:45:07:    - With different bit depths: yes
21:45:07:  * Point Sprites: yes
21:45:07:  * Extended point parameters: yes
21:45:07:  * Max Point Size: 63.375
21:45:07:  * Vertex texture fetch: yes
21:45:07:  * Number of world matrices: 0
21:45:07:  * Number of texture units: 32
21:45:07:  * Stencil buffer depth: 8
21:45:07:  * Number of vertex blend matrices: 0
21:45:07:    - Max vertex textures: 32
21:45:07:    - Vertex textures shared: yes
21:45:07:  * Render to Vertex Buffer : yes
21:45:07:  * GL 1.5 without VBO workaround: no
21:45:07:  * Frame Buffer objects: yes
21:45:07:  * Frame Buffer objects (ARB extension): no
21:45:07:  * Frame Buffer objects (ATI extension): no
21:45:07:  * PBuffer support: yes
21:45:07:  * GL 1.5 without HW-occlusion workaround: no
21:45:07:  * Separate shader objects: no
21:45:07: DefaultWorkQueue('Root') initialising on thread 0x3abe340.
21:45:07: DefaultWorkQueue('Root')::WorkerFunc - thread 0x3c681f0 starting.
21:45:07: Particle Renderer Type 'billboard' registered
21:45:07: Added resource location './Media/fonts' of type 'FileSystem' to resource group 'General'
21:45:07: Added resource location './Media/models' of type 'FileSystem' to resource group 'General'
21:45:07: Added resource location './Media/materials/scripts' of type 'FileSystem' to resource group 'General'
21:45:07: Added resource location './Media/materials/programs' of type 'FileSystem' to resource group 'General'
21:45:07: Added resource location './Media/materials/textures' of type 'FileSystem' to resource group 'General'
21:45:07: Parsing scripts for resource group Autodetect
21:45:07: Finished parsing scripts for resource group Autodetect
21:45:07: Creating resources for group Autodetect
21:45:07: All done
21:45:07: Parsing scripts for resource group General
21:45:07: Parsing script Ogre.material
21:45:07: Finished parsing scripts for resource group General
21:45:07: Creating resources for group General
21:45:07: All done
21:45:07: Parsing scripts for resource group Internal
21:45:07: Finished parsing scripts for resource group Internal
21:45:07: Creating resources for group Internal
21:45:07: All done
21:45:07: Mesh: Loading ogrehead.mesh.
21:45:07: DefaultWorkQueue('Root')::WorkerFunc - thread 0x3cca100 starting.
21:45:07: Texture: GreenSkin.jpg: Loading 1 faces(PF_R8G8B8,256x256x1) with 5 generated mipmaps from Image. Internal format is PF_X8R8G8B8,256x256x1.
21:45:07: Texture: spheremap.png: Loading 1 faces(PF_R8G8B8,256x256x1) with 5 generated mipmaps from Image. Internal format is PF_X8R8G8B8,256x256x1.
21:45:07: Texture: tusk.jpg: Loading 1 faces(PF_R8G8B8,128x128x1) with 5 generated mipmaps from Image. Internal format is PF_X8R8G8B8,128x128x1.
21:45:09: DefaultWorkQueue('Root') shutting down on thread 0x3abe340.
21:45:09: DefaultWorkQueue('Root')::WorkerFunc - thread 0x3cca100 stopped.
21:45:09: DefaultWorkQueue('Root')::WorkerFunc - thread 0x3c681f0 stopped.
21:45:09: *-*-* OGRE Shutdown
21:45:09: Unregistering ResourceManager for type Compositor
21:45:09: Unregistering ResourceManager for type Font
21:45:09: Unregistering ResourceManager for type Skeleton
21:45:09: Unregistering ResourceManager for type Mesh
21:45:09: Unregistering ResourceManager for type HighLevelGpuProgram
21:45:09: Uninstalling plugin: GL RenderSystem
21:45:09: Unregistering ResourceManager for type GpuProgram
21:45:09: ******************************
*** Stopping GLX Subsystem ***
******************************
21:45:09: Unregistering ResourceManager for type Texture
21:45:09: Plugin successfully uninstalled
21:45:09: Unloading library ./ogrelib/RenderSystem_GL
21:45:09: Unregistering ResourceManager for type Material
